 
****************************************
Report : constraint
        -all_violators
Design : fifo1_srama
Version: Q-2019.12-SP3
Date   : Fri Jan 27 02:21:19 2023
****************************************


   max_delay/setup ('INPUTS' group)

                             Required        Actual
   Endpoint                 Path Delay     Path Delay        Slack
   -----------------------------------------------------------------
   wptr_full/wfull_reg/D        1.03           1.58 r        -0.55  (VIOLATED)
   rptr_empty/rempty_reg/D      1.04           1.58 r        -0.54  (VIOLATED)
   wptr_full/wptr_reg_9_/D      1.02           1.41 r        -0.38  (VIOLATED)
   wdata_reg_0_/D               0.46           0.82 r        -0.36  (VIOLATED)
   wdata_reg_1_/D               0.46           0.82 r        -0.36  (VIOLATED)
   wdata_reg_2_/D               0.46           0.82 r        -0.36  (VIOLATED)
   wdata_reg_3_/D               0.46           0.82 r        -0.36  (VIOLATED)
   wdata_reg_4_/D               0.46           0.82 r        -0.36  (VIOLATED)
   wdata_reg_5_/D               0.46           0.82 r        -0.36  (VIOLATED)
   wdata_reg_6_/D               0.46           0.82 r        -0.36  (VIOLATED)
   wdata_reg_7_/D               0.46           0.82 r        -0.36  (VIOLATED)
   rptr_empty/rptr_reg_7_/D     1.03           1.37 r        -0.34  (VIOLATED)
   rptr_empty/rptr_reg_6_/D     1.03           1.37 r        -0.34  (VIOLATED)
   wptr_full/wptr_reg_2_/D      1.03           1.36 r        -0.33  (VIOLATED)
   wptr_full/wptr_reg_7_/D      1.03           1.36 r        -0.33  (VIOLATED)
   rptr_empty/rptr_reg_5_/D     1.03           1.36 r        -0.33  (VIOLATED)
   rptr_empty/rptr_reg_9_/D     1.02           1.35 r        -0.33  (VIOLATED)
   wptr_full/wptr_reg_4_/D      1.02           1.35 r        -0.32  (VIOLATED)
   rptr_empty/rptr_reg_8_/D     1.03           1.35 r        -0.32  (VIOLATED)
   rptr_empty/rptr_reg_4_/D     1.03           1.35 r        -0.32  (VIOLATED)
   wptr_full/wptr_reg_8_/D      1.04           1.36 r        -0.32  (VIOLATED)
   wptr_full/wptr_reg_3_/D      1.03           1.34 r        -0.31  (VIOLATED)
   wptr_full/wptr_reg_6_/D      1.02           1.34 r        -0.31  (VIOLATED)
   wptr_full/wptr_reg_5_/D      1.03           1.33 r        -0.30  (VIOLATED)
   rptr_empty/rptr_reg_2_/D     1.03           1.32 r        -0.30  (VIOLATED)
   wptr_full/wbin_reg_10_/D     1.02           1.30 r        -0.28  (VIOLATED)
   rptr_empty/rptr_reg_0_/D     1.03           1.30 r        -0.27  (VIOLATED)
   wptr_full/wptr_reg_0_/D      1.03           1.29 r        -0.27  (VIOLATED)
   wptr_full/wbin_reg_4_/D      1.03           1.29 r        -0.26  (VIOLATED)
   wptr_full/wptr_reg_1_/D      1.03           1.28 r        -0.25  (VIOLATED)
   rptr_empty/rbin_reg_5_/D     1.03           1.28 r        -0.25  (VIOLATED)
   rptr_empty/rbin_reg_7_/D     1.03           1.27 r        -0.24  (VIOLATED)
   rptr_empty/rbin_reg_10_/D
                                1.03           1.27 r        -0.24  (VIOLATED)
   rptr_empty/rbin_reg_8_/D     1.06           1.29 f        -0.24  (VIOLATED)
   wptr_full/wbin_reg_7_/D      1.06           1.28 f        -0.23  (VIOLATED)
   wptr_full/wbin_reg_5_/D      1.03           1.26 r        -0.23  (VIOLATED)
   rptr_empty/rptr_reg_1_/D     1.03           1.25 r        -0.22  (VIOLATED)
   rptr_empty/rbin_reg_6_/D     1.03           1.25 r        -0.22  (VIOLATED)
   wptr_full/wbin_reg_2_/D      1.03           1.24 r        -0.21  (VIOLATED)
   wptr_full/wbin_reg_9_/D      1.03           1.24 f        -0.21  (VIOLATED)
   rptr_empty/rbin_reg_4_/D     1.03           1.22 r        -0.20  (VIOLATED)
   rptr_empty/rbin_reg_9_/D     1.05           1.25 f        -0.20  (VIOLATED)
   wptr_full/wbin_reg_8_/D      1.02           1.22 r        -0.19  (VIOLATED)
   rptr_empty/rbin_reg_3_/D     1.03           1.22 r        -0.19  (VIOLATED)
   rptr_empty/rbin_reg_0_/D     1.03           1.22 r        -0.19  (VIOLATED)
   wptr_full/wbin_reg_6_/D      1.03           1.21 r        -0.19  (VIOLATED)
   wptr_full/wbin_reg_3_/D      1.05           1.23 f        -0.18  (VIOLATED)
   rptr_empty/rbin_reg_1_/D     1.03           1.21 r        -0.18  (VIOLATED)
   wptr_full/wbin_reg_1_/D      1.03           1.20 r        -0.17  (VIOLATED)
   wptr_full/wbin_reg_0_/D      1.03           1.20 r        -0.17  (VIOLATED)
   rptr_empty/rbin_reg_2_/D     1.03           1.19 r        -0.16  (VIOLATED)
   rptr_empty/rptr_reg_3_/D     1.02           1.18 r        -0.16  (VIOLATED)


   max_delay/setup ('OUTPUTS' group)

                             Required        Actual
   Endpoint                 Path Delay     Path Delay        Slack
   -----------------------------------------------------------------
   rdata[0]                     0.70           1.92 f        -1.22  (VIOLATED)
   rdata[1]                     0.70           1.92 f        -1.22  (VIOLATED)
   rdata[2]                     0.70           1.92 f        -1.22  (VIOLATED)
   rdata[3]                     0.70           1.92 f        -1.22  (VIOLATED)
   rdata[4]                     0.70           1.92 f        -1.22  (VIOLATED)
   rdata[5]                     0.70           1.92 f        -1.22  (VIOLATED)
   rdata[6]                     0.70           1.92 f        -1.22  (VIOLATED)
   rdata[7]                     0.70           1.92 f        -1.22  (VIOLATED)
   rempty                       0.70           1.83 f        -1.13  (VIOLATED)
   wfull                        0.69           1.80 f        -1.11  (VIOLATED)


   min_delay/hold ('INPUTS' group)

                             Required        Actual
   Endpoint                 Path Delay     Path Delay        Slack
   -----------------------------------------------------------------
   rptr_empty/rbin_reg_2_/D     1.12           1.10 f        -0.02  (VIOLATED)
   rptr_empty/rbin_reg_9_/D     1.12           1.10 f        -0.01  (VIOLATED)
   rptr_empty/rptr_reg_3_/D     1.10           1.09 r        -0.01  (VIOLATED)
   rptr_empty/rbin_reg_1_/D     1.12           1.12 f         0.00  (VIOLATED: increase significant digits)


   min_delay/hold ('rclk' group)

                             Required        Actual
   Endpoint                 Path Delay     Path Delay        Slack
   -----------------------------------------------------------------
   fifomem/genblk1_0__U/A2[0]
                                1.50           0.37 f        -1.13  (VIOLATED)
   fifomem/genblk1_1__U/A2[0]
                                1.50           0.37 f        -1.13  (VIOLATED)
   fifomem/genblk1_2__U/A2[0]
                                1.50           0.37 f        -1.13  (VIOLATED)
   fifomem/genblk1_3__U/A2[0]
                                1.50           0.37 f        -1.13  (VIOLATED)
   fifomem/genblk1_4__U/A2[0]
                                1.50           0.37 f        -1.13  (VIOLATED)
   fifomem/genblk1_5__U/A2[0]
                                1.50           0.37 f        -1.13  (VIOLATED)
   fifomem/genblk1_6__U/A2[0]
                                1.50           0.37 f        -1.13  (VIOLATED)
   fifomem/genblk1_7__U/A2[0]
                                1.50           0.37 f        -1.13  (VIOLATED)
   fifomem/genblk1_0__U/A2[6]
                                1.49           0.37 f        -1.12  (VIOLATED)
   fifomem/genblk1_1__U/A2[6]
                                1.49           0.37 f        -1.12  (VIOLATED)
   fifomem/genblk1_2__U/A2[6]
                                1.49           0.37 f        -1.12  (VIOLATED)
   fifomem/genblk1_3__U/A2[6]
                                1.49           0.37 f        -1.12  (VIOLATED)
   fifomem/genblk1_4__U/A2[6]
                                1.49           0.37 f        -1.12  (VIOLATED)
   fifomem/genblk1_5__U/A2[6]
                                1.49           0.37 f        -1.12  (VIOLATED)
   fifomem/genblk1_6__U/A2[6]
                                1.49           0.37 f        -1.12  (VIOLATED)
   fifomem/genblk1_7__U/A2[6]
                                1.49           0.37 f        -1.12  (VIOLATED)
   fifomem/genblk1_0__U/A2[2]
                                1.49           0.37 f        -1.12  (VIOLATED)
   fifomem/genblk1_1__U/A2[2]
                                1.49           0.37 f        -1.12  (VIOLATED)
   fifomem/genblk1_2__U/A2[2]
                                1.49           0.37 f        -1.12  (VIOLATED)
   fifomem/genblk1_3__U/A2[2]
                                1.49           0.37 f        -1.12  (VIOLATED)
   fifomem/genblk1_4__U/A2[2]
                                1.49           0.37 f        -1.12  (VIOLATED)
   fifomem/genblk1_5__U/A2[2]
                                1.49           0.37 f        -1.12  (VIOLATED)
   fifomem/genblk1_6__U/A2[2]
                                1.49           0.37 f        -1.12  (VIOLATED)
   fifomem/genblk1_7__U/A2[2]
                                1.49           0.37 f        -1.12  (VIOLATED)
   fifomem/genblk1_0__U/A2[5]
                                1.49           0.38 f        -1.12  (VIOLATED)
   fifomem/genblk1_1__U/A2[5]
                                1.49           0.38 f        -1.12  (VIOLATED)
   fifomem/genblk1_2__U/A2[5]
                                1.49           0.38 f        -1.12  (VIOLATED)
   fifomem/genblk1_3__U/A2[5]
                                1.49           0.38 f        -1.12  (VIOLATED)
   fifomem/genblk1_4__U/A2[5]
                                1.49           0.38 f        -1.12  (VIOLATED)
   fifomem/genblk1_5__U/A2[5]
                                1.49           0.38 f        -1.12  (VIOLATED)
   fifomem/genblk1_6__U/A2[5]
                                1.49           0.38 f        -1.12  (VIOLATED)
   fifomem/genblk1_7__U/A2[5]
                                1.49           0.38 f        -1.12  (VIOLATED)
   fifomem/genblk1_0__U/A2[1]
                                1.49           0.38 f        -1.11  (VIOLATED)
   fifomem/genblk1_1__U/A2[1]
                                1.49           0.38 f        -1.11  (VIOLATED)
   fifomem/genblk1_2__U/A2[1]
                                1.49           0.38 f        -1.11  (VIOLATED)
   fifomem/genblk1_3__U/A2[1]
                                1.49           0.38 f        -1.11  (VIOLATED)
   fifomem/genblk1_4__U/A2[1]
                                1.49           0.38 f        -1.11  (VIOLATED)
   fifomem/genblk1_5__U/A2[1]
                                1.49           0.38 f        -1.11  (VIOLATED)
   fifomem/genblk1_6__U/A2[1]
                                1.49           0.38 f        -1.11  (VIOLATED)
   fifomem/genblk1_7__U/A2[1]
                                1.49           0.38 f        -1.11  (VIOLATED)
   fifomem/genblk1_0__U/A2[4]
                                1.49           0.38 f        -1.11  (VIOLATED)
   fifomem/genblk1_1__U/A2[4]
                                1.49           0.38 f        -1.11  (VIOLATED)
   fifomem/genblk1_2__U/A2[4]
                                1.49           0.38 f        -1.11  (VIOLATED)
   fifomem/genblk1_3__U/A2[4]
                                1.49           0.38 f        -1.11  (VIOLATED)
   fifomem/genblk1_4__U/A2[4]
                                1.49           0.38 f        -1.11  (VIOLATED)
   fifomem/genblk1_5__U/A2[4]
                                1.49           0.38 f        -1.11  (VIOLATED)
   fifomem/genblk1_6__U/A2[4]
                                1.49           0.38 f        -1.11  (VIOLATED)
   fifomem/genblk1_7__U/A2[4]
                                1.49           0.38 f        -1.11  (VIOLATED)
   fifomem/genblk1_0__U/A2[3]
                                1.49           0.38 f        -1.11  (VIOLATED)
   fifomem/genblk1_1__U/A2[3]
                                1.49           0.38 f        -1.11  (VIOLATED)
   fifomem/genblk1_2__U/A2[3]
                                1.49           0.38 f        -1.11  (VIOLATED)
   fifomem/genblk1_3__U/A2[3]
                                1.49           0.38 f        -1.11  (VIOLATED)
   fifomem/genblk1_4__U/A2[3]
                                1.49           0.38 f        -1.11  (VIOLATED)
   fifomem/genblk1_5__U/A2[3]
                                1.49           0.38 f        -1.11  (VIOLATED)
   fifomem/genblk1_6__U/A2[3]
                                1.49           0.38 f        -1.11  (VIOLATED)
   fifomem/genblk1_7__U/A2[3]
                                1.49           0.38 f        -1.11  (VIOLATED)
   sync_w2r/rq2_wptr_reg_0_/D
                                1.18           0.37 f        -0.81  (VIOLATED)
   sync_w2r/rq2_wptr_reg_1_/D
                                1.18           0.37 f        -0.81  (VIOLATED)
   sync_w2r/rq2_wptr_reg_2_/D
                                1.18           0.37 f        -0.81  (VIOLATED)
   sync_w2r/rq2_wptr_reg_3_/D
                                1.18           0.37 f        -0.81  (VIOLATED)
   sync_w2r/rq2_wptr_reg_4_/D
                                1.18           0.37 f        -0.81  (VIOLATED)
   sync_w2r/rq2_wptr_reg_5_/D
                                1.18           0.37 f        -0.81  (VIOLATED)
   sync_w2r/rq2_wptr_reg_6_/D
                                1.18           0.37 f        -0.81  (VIOLATED)
   sync_w2r/rq2_wptr_reg_7_/D
                                1.18           0.37 f        -0.81  (VIOLATED)
   sync_w2r/rq2_wptr_reg_8_/D
                                1.18           0.37 f        -0.81  (VIOLATED)
   sync_w2r/rq2_wptr_reg_9_/D
                                1.18           0.37 f        -0.81  (VIOLATED)
   sync_w2r/rq2_wptr_reg_10_/D
                                1.18           0.37 f        -0.81  (VIOLATED)
   rptr_empty/rptr_reg_4_/D     1.12           0.39 f        -0.73  (VIOLATED)
   rptr_empty/rptr_reg_9_/D     1.12           0.39 f        -0.73  (VIOLATED)
   rptr_empty/rptr_reg_0_/D     1.12           0.39 f        -0.72  (VIOLATED)
   rptr_empty/rptr_reg_6_/D     1.12           0.40 f        -0.72  (VIOLATED)
   rptr_empty/rptr_reg_1_/D     1.12           0.40 f        -0.72  (VIOLATED)
   rptr_empty/rbin_reg_4_/D     1.12           0.40 f        -0.71  (VIOLATED)
   rptr_empty/rbin_reg_6_/D     1.12           0.41 f        -0.71  (VIOLATED)
   rptr_empty/rptr_reg_3_/D     1.11           0.41 f        -0.70  (VIOLATED)
   rptr_empty/rbin_reg_7_/D     1.12           0.42 f        -0.70  (VIOLATED)
   rptr_empty/rbin_reg_9_/D     1.12           0.43 f        -0.69  (VIOLATED)
   rptr_empty/rbin_reg_2_/D     1.12           0.43 f        -0.69  (VIOLATED)
   rptr_empty/rbin_reg_0_/D     1.13           0.46 f        -0.67  (VIOLATED)
   rptr_empty/rbin_reg_3_/D     1.12           0.47 f        -0.66  (VIOLATED)
   rptr_empty/rbin_reg_10_/D
                                1.12           0.46 f        -0.66  (VIOLATED)
   rptr_empty/rbin_reg_8_/D     1.13           0.48 f        -0.64  (VIOLATED)
   rptr_empty/rbin_reg_5_/D     1.12           0.49 f        -0.64  (VIOLATED)
   rptr_empty/rptr_reg_2_/D     1.12           0.49 f        -0.63  (VIOLATED)
   rptr_empty/rptr_reg_5_/D     1.12           0.49 f        -0.63  (VIOLATED)
   rptr_empty/rptr_reg_7_/D     1.12           0.50 f        -0.61  (VIOLATED)
   rptr_empty/rbin_reg_1_/D     1.12           0.51 f        -0.61  (VIOLATED)
   rptr_empty/rptr_reg_8_/D     1.12           0.52 f        -0.60  (VIOLATED)
   rptr_empty/rempty_reg/D      1.13           0.56 f        -0.57  (VIOLATED)


   min_delay/hold ('wclk' group)

                             Required        Actual
   Endpoint                 Path Delay     Path Delay        Slack
   -----------------------------------------------------------------
   fifomem/genblk1_0__U/A1[5]
                                0.51           0.36 f        -0.14  (VIOLATED)
   fifomem/genblk1_0__U/I1[0]
                                0.51           0.36 f        -0.14  (VIOLATED)
   fifomem/genblk1_0__U/I1[1]
                                0.51           0.36 f        -0.14  (VIOLATED)
   fifomem/genblk1_0__U/I1[2]
                                0.51           0.36 f        -0.14  (VIOLATED)
   fifomem/genblk1_0__U/I1[3]
                                0.51           0.36 f        -0.14  (VIOLATED)
   fifomem/genblk1_0__U/I1[4]
                                0.51           0.36 f        -0.14  (VIOLATED)
   fifomem/genblk1_0__U/I1[5]
                                0.51           0.36 f        -0.14  (VIOLATED)
   fifomem/genblk1_0__U/I1[6]
                                0.51           0.36 f        -0.14  (VIOLATED)
   fifomem/genblk1_0__U/I1[7]
                                0.51           0.36 f        -0.14  (VIOLATED)
   fifomem/genblk1_1__U/A1[5]
                                0.51           0.36 f        -0.14  (VIOLATED)
   fifomem/genblk1_1__U/I1[0]
                                0.51           0.36 f        -0.14  (VIOLATED)
   fifomem/genblk1_1__U/I1[1]
                                0.51           0.36 f        -0.14  (VIOLATED)
   fifomem/genblk1_1__U/I1[2]
                                0.51           0.36 f        -0.14  (VIOLATED)
   fifomem/genblk1_1__U/I1[3]
                                0.51           0.36 f        -0.14  (VIOLATED)
   fifomem/genblk1_1__U/I1[4]
                                0.51           0.36 f        -0.14  (VIOLATED)
   fifomem/genblk1_1__U/I1[5]
                                0.51           0.36 f        -0.14  (VIOLATED)
   fifomem/genblk1_1__U/I1[6]
                                0.51           0.36 f        -0.14  (VIOLATED)
   fifomem/genblk1_1__U/I1[7]
                                0.51           0.36 f        -0.14  (VIOLATED)
   fifomem/genblk1_2__U/A1[5]
                                0.51           0.36 f        -0.14  (VIOLATED)
   fifomem/genblk1_2__U/I1[0]
                                0.51           0.36 f        -0.14  (VIOLATED)
   fifomem/genblk1_2__U/I1[1]
                                0.51           0.36 f        -0.14  (VIOLATED)
   fifomem/genblk1_2__U/I1[2]
                                0.51           0.36 f        -0.14  (VIOLATED)
   fifomem/genblk1_2__U/I1[3]
                                0.51           0.36 f        -0.14  (VIOLATED)
   fifomem/genblk1_2__U/I1[4]
                                0.51           0.36 f        -0.14  (VIOLATED)
   fifomem/genblk1_2__U/I1[5]
                                0.51           0.36 f        -0.14  (VIOLATED)
   fifomem/genblk1_2__U/I1[6]
                                0.51           0.36 f        -0.14  (VIOLATED)
   fifomem/genblk1_2__U/I1[7]
                                0.51           0.36 f        -0.14  (VIOLATED)
   fifomem/genblk1_3__U/A1[5]
                                0.51           0.36 f        -0.14  (VIOLATED)
   fifomem/genblk1_3__U/I1[0]
                                0.51           0.36 f        -0.14  (VIOLATED)
   fifomem/genblk1_3__U/I1[1]
                                0.51           0.36 f        -0.14  (VIOLATED)
   fifomem/genblk1_3__U/I1[2]
                                0.51           0.36 f        -0.14  (VIOLATED)
   fifomem/genblk1_3__U/I1[3]
                                0.51           0.36 f        -0.14  (VIOLATED)
   fifomem/genblk1_3__U/I1[4]
                                0.51           0.36 f        -0.14  (VIOLATED)
   fifomem/genblk1_3__U/I1[5]
                                0.51           0.36 f        -0.14  (VIOLATED)
   fifomem/genblk1_3__U/I1[6]
                                0.51           0.36 f        -0.14  (VIOLATED)
   fifomem/genblk1_3__U/I1[7]
                                0.51           0.36 f        -0.14  (VIOLATED)
   fifomem/genblk1_4__U/A1[5]
                                0.51           0.36 f        -0.14  (VIOLATED)
   fifomem/genblk1_4__U/I1[0]
                                0.51           0.36 f        -0.14  (VIOLATED)
   fifomem/genblk1_4__U/I1[1]
                                0.51           0.36 f        -0.14  (VIOLATED)
   fifomem/genblk1_4__U/I1[2]
                                0.51           0.36 f        -0.14  (VIOLATED)
   fifomem/genblk1_4__U/I1[3]
                                0.51           0.36 f        -0.14  (VIOLATED)
   fifomem/genblk1_4__U/I1[4]
                                0.51           0.36 f        -0.14  (VIOLATED)
   fifomem/genblk1_4__U/I1[5]
                                0.51           0.36 f        -0.14  (VIOLATED)
   fifomem/genblk1_4__U/I1[6]
                                0.51           0.36 f        -0.14  (VIOLATED)
   fifomem/genblk1_4__U/I1[7]
                                0.51           0.36 f        -0.14  (VIOLATED)
   fifomem/genblk1_5__U/A1[5]
                                0.51           0.36 f        -0.14  (VIOLATED)
   fifomem/genblk1_5__U/I1[0]
                                0.51           0.36 f        -0.14  (VIOLATED)
   fifomem/genblk1_5__U/I1[1]
                                0.51           0.36 f        -0.14  (VIOLATED)
   fifomem/genblk1_5__U/I1[2]
                                0.51           0.36 f        -0.14  (VIOLATED)
   fifomem/genblk1_5__U/I1[3]
                                0.51           0.36 f        -0.14  (VIOLATED)
   fifomem/genblk1_5__U/I1[4]
                                0.51           0.36 f        -0.14  (VIOLATED)
   fifomem/genblk1_5__U/I1[5]
                                0.51           0.36 f        -0.14  (VIOLATED)
   fifomem/genblk1_5__U/I1[6]
                                0.51           0.36 f        -0.14  (VIOLATED)
   fifomem/genblk1_5__U/I1[7]
                                0.51           0.36 f        -0.14  (VIOLATED)
   fifomem/genblk1_6__U/A1[5]
                                0.51           0.36 f        -0.14  (VIOLATED)
   fifomem/genblk1_6__U/I1[0]
                                0.51           0.36 f        -0.14  (VIOLATED)
   fifomem/genblk1_6__U/I1[1]
                                0.51           0.36 f        -0.14  (VIOLATED)
   fifomem/genblk1_6__U/I1[2]
                                0.51           0.36 f        -0.14  (VIOLATED)
   fifomem/genblk1_6__U/I1[3]
                                0.51           0.36 f        -0.14  (VIOLATED)
   fifomem/genblk1_6__U/I1[4]
                                0.51           0.36 f        -0.14  (VIOLATED)
   fifomem/genblk1_6__U/I1[5]
                                0.51           0.36 f        -0.14  (VIOLATED)
   fifomem/genblk1_6__U/I1[6]
                                0.51           0.36 f        -0.14  (VIOLATED)
   fifomem/genblk1_6__U/I1[7]
                                0.51           0.36 f        -0.14  (VIOLATED)
   fifomem/genblk1_7__U/A1[5]
                                0.51           0.36 f        -0.14  (VIOLATED)
   fifomem/genblk1_7__U/I1[0]
                                0.51           0.36 f        -0.14  (VIOLATED)
   fifomem/genblk1_7__U/I1[1]
                                0.51           0.36 f        -0.14  (VIOLATED)
   fifomem/genblk1_7__U/I1[2]
                                0.51           0.36 f        -0.14  (VIOLATED)
   fifomem/genblk1_7__U/I1[3]
                                0.51           0.36 f        -0.14  (VIOLATED)
   fifomem/genblk1_7__U/I1[4]
                                0.51           0.36 f        -0.14  (VIOLATED)
   fifomem/genblk1_7__U/I1[5]
                                0.51           0.36 f        -0.14  (VIOLATED)
   fifomem/genblk1_7__U/I1[6]
                                0.51           0.36 f        -0.14  (VIOLATED)
   fifomem/genblk1_7__U/I1[7]
                                0.51           0.36 f        -0.14  (VIOLATED)
   fifomem/genblk1_0__U/A1[2]
                                0.51           0.37 f        -0.14  (VIOLATED)
   fifomem/genblk1_1__U/A1[2]
                                0.51           0.37 f        -0.14  (VIOLATED)
   fifomem/genblk1_2__U/A1[2]
                                0.51           0.37 f        -0.14  (VIOLATED)
   fifomem/genblk1_3__U/A1[2]
                                0.51           0.37 f        -0.14  (VIOLATED)
   fifomem/genblk1_4__U/A1[2]
                                0.51           0.37 f        -0.14  (VIOLATED)
   fifomem/genblk1_5__U/A1[2]
                                0.51           0.37 f        -0.14  (VIOLATED)
   fifomem/genblk1_6__U/A1[2]
                                0.51           0.37 f        -0.14  (VIOLATED)
   fifomem/genblk1_7__U/A1[2]
                                0.51           0.37 f        -0.14  (VIOLATED)
   fifomem/genblk1_0__U/A1[0]
                                0.51           0.37 f        -0.14  (VIOLATED)
   fifomem/genblk1_1__U/A1[0]
                                0.51           0.37 f        -0.14  (VIOLATED)
   fifomem/genblk1_2__U/A1[0]
                                0.51           0.37 f        -0.14  (VIOLATED)
   fifomem/genblk1_3__U/A1[0]
                                0.51           0.37 f        -0.14  (VIOLATED)
   fifomem/genblk1_4__U/A1[0]
                                0.51           0.37 f        -0.14  (VIOLATED)
   fifomem/genblk1_5__U/A1[0]
                                0.51           0.37 f        -0.14  (VIOLATED)
   fifomem/genblk1_6__U/A1[0]
                                0.51           0.37 f        -0.14  (VIOLATED)
   fifomem/genblk1_7__U/A1[0]
                                0.51           0.37 f        -0.14  (VIOLATED)
   fifomem/genblk1_0__U/A1[4]
                                0.50           0.37 f        -0.13  (VIOLATED)
   fifomem/genblk1_1__U/A1[4]
                                0.50           0.37 f        -0.13  (VIOLATED)
   fifomem/genblk1_2__U/A1[4]
                                0.50           0.37 f        -0.13  (VIOLATED)
   fifomem/genblk1_3__U/A1[4]
                                0.50           0.37 f        -0.13  (VIOLATED)
   fifomem/genblk1_4__U/A1[4]
                                0.50           0.37 f        -0.13  (VIOLATED)
   fifomem/genblk1_5__U/A1[4]
                                0.50           0.37 f        -0.13  (VIOLATED)
   fifomem/genblk1_6__U/A1[4]
                                0.50           0.37 f        -0.13  (VIOLATED)
   fifomem/genblk1_7__U/A1[4]
                                0.50           0.37 f        -0.13  (VIOLATED)
   fifomem/genblk1_0__U/A1[6]
                                0.50           0.37 f        -0.13  (VIOLATED)
   fifomem/genblk1_1__U/A1[6]
                                0.50           0.37 f        -0.13  (VIOLATED)
   fifomem/genblk1_2__U/A1[6]
                                0.50           0.37 f        -0.13  (VIOLATED)
   fifomem/genblk1_3__U/A1[6]
                                0.50           0.37 f        -0.13  (VIOLATED)
   fifomem/genblk1_4__U/A1[6]
                                0.50           0.37 f        -0.13  (VIOLATED)
   fifomem/genblk1_5__U/A1[6]
                                0.50           0.37 f        -0.13  (VIOLATED)
   fifomem/genblk1_6__U/A1[6]
                                0.50           0.37 f        -0.13  (VIOLATED)
   fifomem/genblk1_7__U/A1[6]
                                0.50           0.37 f        -0.13  (VIOLATED)
   fifomem/genblk1_0__U/A1[3]
                                0.50           0.38 f        -0.13  (VIOLATED)
   fifomem/genblk1_1__U/A1[3]
                                0.50           0.38 f        -0.13  (VIOLATED)
   fifomem/genblk1_2__U/A1[3]
                                0.50           0.38 f        -0.13  (VIOLATED)
   fifomem/genblk1_3__U/A1[3]
                                0.50           0.38 f        -0.13  (VIOLATED)
   fifomem/genblk1_4__U/A1[3]
                                0.50           0.38 f        -0.13  (VIOLATED)
   fifomem/genblk1_5__U/A1[3]
                                0.50           0.38 f        -0.13  (VIOLATED)
   fifomem/genblk1_6__U/A1[3]
                                0.50           0.38 f        -0.13  (VIOLATED)
   fifomem/genblk1_7__U/A1[3]
                                0.50           0.38 f        -0.13  (VIOLATED)
   fifomem/genblk1_0__U/A1[1]
                                0.50           0.38 f        -0.12  (VIOLATED)
   fifomem/genblk1_1__U/A1[1]
                                0.50           0.38 f        -0.12  (VIOLATED)
   fifomem/genblk1_2__U/A1[1]
                                0.50           0.38 f        -0.12  (VIOLATED)
   fifomem/genblk1_3__U/A1[1]
                                0.50           0.38 f        -0.12  (VIOLATED)
   fifomem/genblk1_4__U/A1[1]
                                0.50           0.38 f        -0.12  (VIOLATED)
   fifomem/genblk1_5__U/A1[1]
                                0.50           0.38 f        -0.12  (VIOLATED)
   fifomem/genblk1_6__U/A1[1]
                                0.50           0.38 f        -0.12  (VIOLATED)
   fifomem/genblk1_7__U/A1[1]
                                0.50           0.38 f        -0.12  (VIOLATED)


   max_transition

                             Required        Actual
   Net                      Transition     Transition        Slack
   -----------------------------------------------------------------
   rempty                       0.50           0.89          -0.39  (VIOLATED)
       PORT :  rempty           0.50           0.89          -0.39  (VIOLATED)
   rdata[0]                     0.50           0.89          -0.39  (VIOLATED)
       PORT :  rdata[0]         0.50           0.89          -0.39  (VIOLATED)
   rdata[1]                     0.50           0.89          -0.39  (VIOLATED)
       PORT :  rdata[1]         0.50           0.89          -0.39  (VIOLATED)
   rdata[2]                     0.50           0.89          -0.39  (VIOLATED)
       PORT :  rdata[2]         0.50           0.89          -0.39  (VIOLATED)
   rdata[3]                     0.50           0.89          -0.39  (VIOLATED)
       PORT :  rdata[3]         0.50           0.89          -0.39  (VIOLATED)
   rdata[4]                     0.50           0.89          -0.39  (VIOLATED)
       PORT :  rdata[4]         0.50           0.89          -0.39  (VIOLATED)
   rdata[5]                     0.50           0.89          -0.39  (VIOLATED)
       PORT :  rdata[5]         0.50           0.89          -0.39  (VIOLATED)
   rdata[6]                     0.50           0.89          -0.39  (VIOLATED)
       PORT :  rdata[6]         0.50           0.89          -0.39  (VIOLATED)
   rdata[7]                     0.50           0.89          -0.39  (VIOLATED)
       PORT :  rdata[7]         0.50           0.89          -0.39  (VIOLATED)
   wfull                        0.50           0.89          -0.39  (VIOLATED)
       PORT :  wfull            0.50           0.89          -0.39  (VIOLATED)

   -----------------------------------------------------------------
   Total                      10                 -3.93  

   max_capacitance

                             Required        Actual
   Net                      Capacitance    Capacitance       Slack
   -----------------------------------------------------------------
   fifomem/n32                  0.03           0.51          -0.48  (VIOLATED)
   fifomem/n34                  0.03           0.51          -0.48  (VIOLATED)
   fifomem/n40                  0.03           0.51          -0.48  (VIOLATED)
   fifomem/n42                  0.03           0.51          -0.48  (VIOLATED)
   fifomem/n48                  0.03           0.51          -0.48  (VIOLATED)
   fifomem/n50                  0.03           0.51          -0.48  (VIOLATED)
   fifomem/n56                  0.03           0.51          -0.48  (VIOLATED)
   fifomem/n58                  0.03           0.51          -0.48  (VIOLATED)
   fifomem/n64                  0.03           0.51          -0.48  (VIOLATED)
   fifomem/n66                  0.03           0.51          -0.48  (VIOLATED)
   fifomem/n72                  0.03           0.51          -0.48  (VIOLATED)
   fifomem/n74                  0.03           0.51          -0.48  (VIOLATED)
   fifomem/n80                  0.03           0.51          -0.48  (VIOLATED)
   fifomem/n82                  0.03           0.51          -0.48  (VIOLATED)
   fifomem/n88                  0.03           0.51          -0.48  (VIOLATED)
   fifomem/n90                  0.03           0.51          -0.48  (VIOLATED)
   fifomem/n30                  0.03           0.49          -0.47  (VIOLATED)
   fifomem/n31                  0.03           0.49          -0.47  (VIOLATED)
   fifomem/n38                  0.03           0.49          -0.47  (VIOLATED)
   fifomem/n39                  0.03           0.49          -0.47  (VIOLATED)
   fifomem/n46                  0.03           0.49          -0.47  (VIOLATED)
   fifomem/n47                  0.03           0.49          -0.47  (VIOLATED)
   fifomem/n54                  0.03           0.49          -0.47  (VIOLATED)
   fifomem/n55                  0.03           0.49          -0.47  (VIOLATED)
   fifomem/n62                  0.03           0.49          -0.47  (VIOLATED)
   fifomem/n63                  0.03           0.49          -0.47  (VIOLATED)
   fifomem/n70                  0.03           0.49          -0.47  (VIOLATED)
   fifomem/n71                  0.03           0.49          -0.47  (VIOLATED)
   fifomem/n78                  0.03           0.49          -0.47  (VIOLATED)
   fifomem/n79                  0.03           0.49          -0.47  (VIOLATED)
   fifomem/n86                  0.03           0.49          -0.47  (VIOLATED)
   fifomem/n87                  0.03           0.49          -0.47  (VIOLATED)
   fifomem/n29                  0.03           0.48          -0.46  (VIOLATED)
   fifomem/n33                  0.03           0.48          -0.46  (VIOLATED)
   fifomem/n37                  0.03           0.48          -0.46  (VIOLATED)
   fifomem/n41                  0.03           0.48          -0.46  (VIOLATED)
   fifomem/n45                  0.03           0.48          -0.46  (VIOLATED)
   fifomem/n49                  0.03           0.48          -0.46  (VIOLATED)
   fifomem/n53                  0.03           0.48          -0.46  (VIOLATED)
   fifomem/n57                  0.03           0.48          -0.46  (VIOLATED)
   fifomem/n61                  0.03           0.48          -0.46  (VIOLATED)
   fifomem/n65                  0.03           0.48          -0.46  (VIOLATED)
   fifomem/n69                  0.03           0.48          -0.46  (VIOLATED)
   fifomem/n73                  0.03           0.48          -0.46  (VIOLATED)
   fifomem/n77                  0.03           0.48          -0.46  (VIOLATED)
   fifomem/n81                  0.03           0.48          -0.46  (VIOLATED)
   fifomem/n85                  0.03           0.48          -0.46  (VIOLATED)
   fifomem/n89                  0.03           0.48          -0.46  (VIOLATED)
   fifomem/n35                  0.03           0.47          -0.45  (VIOLATED)
   fifomem/n36                  0.03           0.47          -0.45  (VIOLATED)
   fifomem/n43                  0.03           0.47          -0.45  (VIOLATED)
   fifomem/n44                  0.03           0.47          -0.45  (VIOLATED)
   fifomem/n51                  0.03           0.47          -0.45  (VIOLATED)
   fifomem/n52                  0.03           0.47          -0.45  (VIOLATED)
   fifomem/n59                  0.03           0.47          -0.45  (VIOLATED)
   fifomem/n60                  0.03           0.47          -0.45  (VIOLATED)
   fifomem/n67                  0.03           0.47          -0.45  (VIOLATED)
   fifomem/n68                  0.03           0.47          -0.45  (VIOLATED)
   fifomem/n75                  0.03           0.47          -0.45  (VIOLATED)
   fifomem/n76                  0.03           0.47          -0.45  (VIOLATED)
   fifomem/n83                  0.03           0.47          -0.45  (VIOLATED)
   fifomem/n84                  0.03           0.47          -0.45  (VIOLATED)
   fifomem/n91                  0.03           0.47          -0.45  (VIOLATED)
   fifomem/n92                  0.03           0.47          -0.45  (VIOLATED)

   -----------------------------------------------------------------
   Total                      64                -29.73  

   max_leakage_power

                             Required        Actual
   Design                   Leakage Power  Leakage Power     Slack
   -----------------------------------------------------------------
   fifo1_srama                  0.00       1126726400.00  -1126726400.00
                                                                    (VIOLATED)


Min pulse width constraints

                       Required      Actual
  Pin                pulse width   pulse width   Slack           Scenario
--------------------------------------------------------------------------------
  rptr_empty/rbin_reg_8_/CLK(low)
                      0.09         -0.51         -0.60 (VIOLATED)
  rptr_empty/rempty_reg/CLK(low)
                      0.09         -0.51         -0.60 (VIOLATED)
  rptr_empty/rbin_reg_8_/CLK(high)
                      0.09         -0.51         -0.60 (VIOLATED)
  rptr_empty/rempty_reg/CLK(high)
                      0.09         -0.51         -0.60 (VIOLATED)
  rptr_empty/rbin_reg_0_/CLK(low)
                      0.09         -0.51         -0.60 (VIOLATED)
  rptr_empty/rbin_reg_1_/CLK(low)
                      0.09         -0.51         -0.60 (VIOLATED)
  rptr_empty/rbin_reg_2_/CLK(low)
                      0.09         -0.51         -0.60 (VIOLATED)
  rptr_empty/rbin_reg_3_/CLK(low)
                      0.09         -0.51         -0.60 (VIOLATED)
  rptr_empty/rbin_reg_4_/CLK(low)
                      0.09         -0.51         -0.60 (VIOLATED)
  rptr_empty/rbin_reg_5_/CLK(low)
                      0.09         -0.51         -0.60 (VIOLATED)
  rptr_empty/rbin_reg_6_/CLK(low)
                      0.09         -0.51         -0.60 (VIOLATED)
  rptr_empty/rbin_reg_7_/CLK(low)
                      0.09         -0.51         -0.60 (VIOLATED)
  rptr_empty/rbin_reg_9_/CLK(low)
                      0.09         -0.51         -0.60 (VIOLATED)
  rptr_empty/rbin_reg_10_/CLK(low)
                      0.09         -0.51         -0.60 (VIOLATED)
  rptr_empty/rptr_reg_0_/CLK(low)
                      0.09         -0.51         -0.60 (VIOLATED)
  rptr_empty/rptr_reg_1_/CLK(low)
                      0.09         -0.51         -0.60 (VIOLATED)
  rptr_empty/rptr_reg_2_/CLK(low)
                      0.09         -0.51         -0.60 (VIOLATED)
  rptr_empty/rptr_reg_3_/CLK(low)
                      0.09         -0.51         -0.60 (VIOLATED)
  rptr_empty/rptr_reg_4_/CLK(low)
                      0.09         -0.51         -0.60 (VIOLATED)
  rptr_empty/rptr_reg_5_/CLK(low)
                      0.09         -0.51         -0.60 (VIOLATED)
  rptr_empty/rptr_reg_6_/CLK(low)
                      0.09         -0.51         -0.60 (VIOLATED)
  rptr_empty/rptr_reg_7_/CLK(low)
                      0.09         -0.51         -0.60 (VIOLATED)
  rptr_empty/rptr_reg_8_/CLK(low)
                      0.09         -0.51         -0.60 (VIOLATED)
  rptr_empty/rptr_reg_9_/CLK(low)
                      0.09         -0.51         -0.60 (VIOLATED)
  sync_w2r/rq1_wptr_reg_0_/CLK(low)
                      0.09         -0.51         -0.60 (VIOLATED)
  sync_w2r/rq1_wptr_reg_1_/CLK(low)
                      0.09         -0.51         -0.60 (VIOLATED)
  sync_w2r/rq1_wptr_reg_2_/CLK(low)
                      0.09         -0.51         -0.60 (VIOLATED)
  sync_w2r/rq1_wptr_reg_3_/CLK(low)
                      0.09         -0.51         -0.60 (VIOLATED)
  sync_w2r/rq1_wptr_reg_4_/CLK(low)
                      0.09         -0.51         -0.60 (VIOLATED)
  sync_w2r/rq1_wptr_reg_5_/CLK(low)
                      0.09         -0.51         -0.60 (VIOLATED)
  sync_w2r/rq1_wptr_reg_6_/CLK(low)
                      0.09         -0.51         -0.60 (VIOLATED)
  sync_w2r/rq1_wptr_reg_7_/CLK(low)
                      0.09         -0.51         -0.60 (VIOLATED)
  sync_w2r/rq1_wptr_reg_8_/CLK(low)
                      0.09         -0.51         -0.60 (VIOLATED)
  sync_w2r/rq1_wptr_reg_9_/CLK(low)
                      0.09         -0.51         -0.60 (VIOLATED)
  sync_w2r/rq1_wptr_reg_10_/CLK(low)
                      0.09         -0.51         -0.60 (VIOLATED)
  rptr_empty/rbin_reg_0_/CLK(high)
                      0.08         -0.51         -0.59 (VIOLATED)
  rptr_empty/rbin_reg_1_/CLK(high)
                      0.08         -0.51         -0.59 (VIOLATED)
  rptr_empty/rbin_reg_2_/CLK(high)
                      0.08         -0.51         -0.59 (VIOLATED)
  rptr_empty/rbin_reg_3_/CLK(high)
                      0.08         -0.51         -0.59 (VIOLATED)
  rptr_empty/rbin_reg_4_/CLK(high)
                      0.08         -0.51         -0.59 (VIOLATED)
  rptr_empty/rbin_reg_5_/CLK(high)
                      0.08         -0.51         -0.59 (VIOLATED)
  rptr_empty/rbin_reg_6_/CLK(high)
                      0.08         -0.51         -0.59 (VIOLATED)
  rptr_empty/rbin_reg_7_/CLK(high)
                      0.08         -0.51         -0.59 (VIOLATED)
  rptr_empty/rbin_reg_9_/CLK(high)
                      0.08         -0.51         -0.59 (VIOLATED)
  rptr_empty/rbin_reg_10_/CLK(high)
                      0.08         -0.51         -0.59 (VIOLATED)
  rptr_empty/rptr_reg_0_/CLK(high)
                      0.08         -0.51         -0.59 (VIOLATED)
  rptr_empty/rptr_reg_1_/CLK(high)
                      0.08         -0.51         -0.59 (VIOLATED)
  rptr_empty/rptr_reg_2_/CLK(high)
                      0.08         -0.51         -0.59 (VIOLATED)
  rptr_empty/rptr_reg_3_/CLK(high)
                      0.08         -0.51         -0.59 (VIOLATED)
  rptr_empty/rptr_reg_4_/CLK(high)
                      0.08         -0.51         -0.59 (VIOLATED)
  rptr_empty/rptr_reg_5_/CLK(high)
                      0.08         -0.51         -0.59 (VIOLATED)
  rptr_empty/rptr_reg_6_/CLK(high)
                      0.08         -0.51         -0.59 (VIOLATED)
  rptr_empty/rptr_reg_7_/CLK(high)
                      0.08         -0.51         -0.59 (VIOLATED)
  rptr_empty/rptr_reg_8_/CLK(high)
                      0.08         -0.51         -0.59 (VIOLATED)
  rptr_empty/rptr_reg_9_/CLK(high)
                      0.08         -0.51         -0.59 (VIOLATED)
  sync_w2r/rq1_wptr_reg_0_/CLK(high)
                      0.08         -0.51         -0.59 (VIOLATED)
  sync_w2r/rq1_wptr_reg_1_/CLK(high)
                      0.08         -0.51         -0.59 (VIOLATED)
  sync_w2r/rq1_wptr_reg_2_/CLK(high)
                      0.08         -0.51         -0.59 (VIOLATED)
  sync_w2r/rq1_wptr_reg_3_/CLK(high)
                      0.08         -0.51         -0.59 (VIOLATED)
  sync_w2r/rq1_wptr_reg_4_/CLK(high)
                      0.08         -0.51         -0.59 (VIOLATED)
  sync_w2r/rq1_wptr_reg_5_/CLK(high)
                      0.08         -0.51         -0.59 (VIOLATED)
  sync_w2r/rq1_wptr_reg_6_/CLK(high)
                      0.08         -0.51         -0.59 (VIOLATED)
  sync_w2r/rq1_wptr_reg_7_/CLK(high)
                      0.08         -0.51         -0.59 (VIOLATED)
  sync_w2r/rq1_wptr_reg_8_/CLK(high)
                      0.08         -0.51         -0.59 (VIOLATED)
  sync_w2r/rq1_wptr_reg_9_/CLK(high)
                      0.08         -0.51         -0.59 (VIOLATED)
  sync_w2r/rq1_wptr_reg_10_/CLK(high)
                      0.08         -0.51         -0.59 (VIOLATED)
  sync_w2r/rq2_wptr_reg_0_/CLK(high)
                      0.08         -0.51         -0.59 (VIOLATED)
  sync_w2r/rq2_wptr_reg_1_/CLK(high)
                      0.08         -0.51         -0.59 (VIOLATED)
  sync_w2r/rq2_wptr_reg_2_/CLK(high)
                      0.08         -0.51         -0.59 (VIOLATED)
  sync_w2r/rq2_wptr_reg_3_/CLK(high)
                      0.08         -0.51         -0.59 (VIOLATED)
  sync_w2r/rq2_wptr_reg_4_/CLK(high)
                      0.08         -0.51         -0.59 (VIOLATED)
  sync_w2r/rq2_wptr_reg_5_/CLK(high)
                      0.08         -0.51         -0.59 (VIOLATED)
  sync_w2r/rq2_wptr_reg_6_/CLK(high)
                      0.08         -0.51         -0.59 (VIOLATED)
  sync_w2r/rq2_wptr_reg_7_/CLK(high)
                      0.08         -0.51         -0.59 (VIOLATED)
  sync_w2r/rq2_wptr_reg_8_/CLK(high)
                      0.08         -0.51         -0.59 (VIOLATED)
  sync_w2r/rq2_wptr_reg_9_/CLK(high)
                      0.08         -0.51         -0.59 (VIOLATED)
  sync_w2r/rq2_wptr_reg_10_/CLK(high)
                      0.08         -0.51         -0.59 (VIOLATED)
  sync_w2r/rq2_wptr_reg_0_/CLK(low)
                      0.07         -0.51         -0.58 (VIOLATED)
  sync_w2r/rq2_wptr_reg_1_/CLK(low)
                      0.07         -0.51         -0.58 (VIOLATED)
  sync_w2r/rq2_wptr_reg_2_/CLK(low)
                      0.07         -0.51         -0.58 (VIOLATED)
  sync_w2r/rq2_wptr_reg_3_/CLK(low)
                      0.07         -0.51         -0.58 (VIOLATED)
  sync_w2r/rq2_wptr_reg_4_/CLK(low)
                      0.07         -0.51         -0.58 (VIOLATED)
  sync_w2r/rq2_wptr_reg_5_/CLK(low)
                      0.07         -0.51         -0.58 (VIOLATED)
  sync_w2r/rq2_wptr_reg_6_/CLK(low)
                      0.07         -0.51         -0.58 (VIOLATED)
  sync_w2r/rq2_wptr_reg_7_/CLK(low)
                      0.07         -0.51         -0.58 (VIOLATED)
  sync_w2r/rq2_wptr_reg_8_/CLK(low)
                      0.07         -0.51         -0.58 (VIOLATED)
  sync_w2r/rq2_wptr_reg_9_/CLK(low)
                      0.07         -0.51         -0.58 (VIOLATED)
  sync_w2r/rq2_wptr_reg_10_/CLK(low)
                      0.07         -0.51         -0.58 (VIOLATED)

1
